TN:
SF:src/app.module.ts
FN:18,(anonymous_1)
FNF:1
FNH:0
FNDA:0,(anonymous_1)
DA:1,0
DA:2,0
DA:3,0
DA:4,0
DA:5,0
DA:6,0
DA:7,0
DA:8,0
DA:9,0
DA:18,0
DA:39,0
LF:11
LH:0
BRF:0
BRH:0
end_of_record
TN:
SF:src/main.ts
FN:6,bootstrap
FNF:1
FNH:0
FNDA:0,bootstrap
DA:1,0
DA:2,0
DA:3,0
DA:4,0
DA:7,0
DA:10,0
DA:16,0
DA:25,0
DA:28,0
DA:40,0
DA:41,0
DA:43,0
DA:44,0
DA:45,0
DA:46,0
DA:49,0
LF:16
LH:0
BRDA:11,0,0,0
BRDA:11,0,1,0
BRDA:43,1,0,0
BRDA:43,1,1,0
BRF:4
BRH:0
end_of_record
TN:
SF:src/articles/article.entity.ts
FN:17,(anonymous_2)
FN:59,(anonymous_3)
FN:59,(anonymous_4)
FN:62,(anonymous_5)
FN:62,(anonymous_6)
FN:70,(anonymous_7)
FN:70,(anonymous_8)
FN:78,(anonymous_9)
FN:78,(anonymous_10)
FNF:9
FNH:1
FNDA:4,(anonymous_2)
FNDA:0,(anonymous_3)
FNDA:0,(anonymous_4)
FNDA:0,(anonymous_5)
FNDA:0,(anonymous_6)
FNDA:0,(anonymous_7)
FNDA:0,(anonymous_8)
FNDA:0,(anonymous_9)
FNDA:0,(anonymous_10)
DA:1,4
DA:12,4
DA:13,4
DA:14,4
DA:15,4
DA:17,4
DA:18,4
DA:19,4
DA:20,4
DA:24,4
DA:26,4
DA:29,4
DA:32,4
DA:35,4
DA:38,4
DA:41,4
DA:48,4
DA:51,4
DA:54,4
DA:57,4
DA:59,0
DA:60,4
DA:62,0
DA:68,4
DA:70,0
DA:76,4
DA:78,0
DA:79,4
DA:82,4
DA:85,4
LF:30
LH:26
BRDA:17,0,0,4
BRDA:17,0,1,4
BRF:2
BRH:2
end_of_record
TN:
SF:src/articles/articles.controller.ts
FN:18,(anonymous_4)
FN:23,(anonymous_5)
FN:29,(anonymous_6)
FN:38,(anonymous_7)
FN:47,(anonymous_8)
FN:54,(anonymous_9)
FN:60,(anonymous_10)
FNF:7
FNH:0
FNDA:0,(anonymous_4)
FNDA:0,(anonymous_5)
FNDA:0,(anonymous_6)
FNDA:0,(anonymous_7)
FNDA:0,(anonymous_8)
FNDA:0,(anonymous_9)
FNDA:0,(anonymous_10)
DA:1,0
DA:12,0
DA:13,0
DA:17,0
DA:18,0
DA:23,0
DA:24,0
DA:29,0
DA:33,0
DA:38,0
DA:39,0
DA:40,0
DA:41,0
DA:47,0
DA:48,0
DA:54,0
DA:55,0
DA:60,0
DA:61,0
DA:62,0
LF:20
LH:0
BRDA:30,0,0,0
BRDA:31,1,0,0
BRF:2
BRH:0
end_of_record
TN:
SF:src/articles/articles.module.ts
FNF:0
FNH:0
DA:1,0
DA:2,0
DA:3,0
DA:4,0
DA:5,0
DA:13,0
LF:6
LH:0
BRF:0
BRH:0
end_of_record
TN:
SF:src/articles/articles.service.ts
FN:8,(anonymous_4)
FN:13,(anonymous_5)
FN:18,(anonymous_6)
FN:29,(anonymous_7)
FN:40,(anonymous_8)
FN:51,(anonymous_9)
FN:57,(anonymous_10)
FN:62,(anonymous_11)
FN:66,(anonymous_12)
FNF:9
FNH:0
FNDA:0,(anonymous_4)
FNDA:0,(anonymous_5)
FNDA:0,(anonymous_6)
FNDA:0,(anonymous_7)
FNDA:0,(anonymous_8)
FNDA:0,(anonymous_9)
FNDA:0,(anonymous_10)
FNDA:0,(anonymous_11)
FNDA:0,(anonymous_12)
DA:1,0
DA:2,0
DA:3,0
DA:4,0
DA:7,0
DA:10,0
DA:14,0
DA:15,0
DA:19,0
DA:26,0
DA:30,0
DA:34,0
DA:35,0
DA:37,0
DA:41,0
DA:45,0
DA:46,0
DA:48,0
DA:52,0
DA:53,0
DA:54,0
DA:58,0
DA:59,0
DA:63,0
DA:67,0
LF:25
LH:0
BRDA:18,0,0,0
BRDA:18,1,0,0
BRDA:34,2,0,0
BRDA:45,3,0,0
BRF:4
BRH:0
end_of_record
TN:
SF:src/auth/auth.controller.ts
FN:8,(anonymous_4)
FN:12,(anonymous_5)
FN:18,(anonymous_6)
FNF:3
FNH:3
FNDA:29,(anonymous_4)
FNDA:17,(anonymous_5)
FNDA:11,(anonymous_6)
DA:1,2
DA:2,2
DA:3,2
DA:7,2
DA:8,29
DA:12,2
DA:13,17
DA:18,2
DA:19,11
LF:9
LH:9
BRF:0
BRH:0
end_of_record
TN:
SF:src/auth/auth.module.ts
FN:16,(anonymous_1)
FNF:1
FNH:0
FNDA:0,(anonymous_1)
DA:1,0
DA:2,0
DA:3,0
DA:4,0
DA:5,0
DA:6,0
DA:7,0
DA:8,0
DA:16,0
DA:29,0
LF:10
LH:0
BRDA:19,0,0,0
BRDA:19,0,1,0
BRF:2
BRH:0
end_of_record
TN:
SF:src/auth/auth.service.ts
FN:8,(anonymous_2)
FN:13,(anonymous_3)
FN:22,(anonymous_4)
FN:34,(anonymous_5)
FNF:4
FNH:4
FNDA:51,(anonymous_2)
FNDA:48,(anonymous_3)
FNDA:24,(anonymous_4)
FNDA:12,(anonymous_5)
DA:1,4
DA:2,4
DA:3,4
DA:4,4
DA:7,4
DA:9,51
DA:10,51
DA:14,48
DA:15,46
DA:16,28
DA:17,28
DA:19,17
DA:23,24
DA:24,22
DA:25,4
DA:27,18
DA:28,18
DA:35,12
DA:36,6
DA:37,6
DA:38,6
LF:21
LH:21
BRDA:15,0,0,28
BRDA:15,1,0,46
BRDA:15,1,1,36
BRDA:24,2,0,4
BRF:4
BRH:4
end_of_record
TN:
SF:src/auth/jwt.strategy.ts
FN:8,(anonymous_2)
FN:16,(anonymous_3)
FNF:2
FNH:2
FNDA:43,(anonymous_2)
FNDA:20,(anonymous_3)
DA:1,2
DA:2,2
DA:3,2
DA:4,2
DA:7,2
DA:8,43
DA:9,43
DA:17,20
LF:8
LH:8
BRF:0
BRH:0
end_of_record
TN:
SF:src/auth/__tests__/mocks/auth.mocks.ts
FN:207,(anonymous_0)
FN:237,createMockUser
FN:247,createMockJwtPayload
FN:259,resetAllMocks
FN:260,(anonymous_4)
FN:265,(anonymous_5)
FN:270,(anonymous_6)
FNF:7
FNH:0
FNDA:0,(anonymous_0)
FNDA:0,createMockUser
FNDA:0,createMockJwtPayload
FNDA:0,resetAllMocks
FNDA:0,(anonymous_4)
FNDA:0,(anonymous_5)
FNDA:0,(anonymous_6)
DA:1,0
DA:6,0
DA:23,0
DA:35,0
DA:47,0
DA:59,0
DA:70,0
DA:81,0
DA:107,0
DA:152,0
DA:184,0
DA:197,0
DA:206,0
DA:208,0
DA:212,0
DA:219,0
DA:237,0
DA:238,0
DA:247,0
DA:250,0
DA:259,0
DA:260,0
DA:261,0
DA:262,0
DA:265,0
DA:266,0
DA:267,0
DA:270,0
DA:271,0
DA:272,0
LF:30
LH:0
BRDA:237,0,0,0
BRDA:248,1,0,0
BRDA:261,2,0,0
BRDA:266,3,0,0
BRDA:271,4,0,0
BRF:5
BRH:0
end_of_record
TN:
SF:src/categories/categories.controller.ts
FN:8,(anonymous_4)
FN:13,(anonymous_5)
FN:19,(anonymous_6)
FN:25,(anonymous_7)
FN:32,(anonymous_8)
FN:39,(anonymous_9)
FNF:6
FNH:0
FNDA:0,(anonymous_4)
FNDA:0,(anonymous_5)
FNDA:0,(anonymous_6)
FNDA:0,(anonymous_7)
FNDA:0,(anonymous_8)
FNDA:0,(anonymous_9)
DA:1,0
DA:2,0
DA:3,0
DA:7,0
DA:8,0
DA:13,0
DA:14,0
DA:19,0
DA:20,0
DA:25,0
DA:26,0
DA:32,0
DA:33,0
DA:39,0
DA:40,0
LF:15
LH:0
BRF:0
BRH:0
end_of_record
TN:
SF:src/categories/categories.module.ts
FNF:0
FNH:0
DA:1,0
DA:2,0
DA:3,0
DA:4,0
DA:5,0
DA:13,0
LF:6
LH:0
BRF:0
BRH:0
end_of_record
TN:
SF:src/categories/categories.service.ts
FN:8,(anonymous_4)
FN:13,(anonymous_5)
FN:18,(anonymous_6)
FN:24,(anonymous_7)
FN:35,(anonymous_8)
FN:46,(anonymous_9)
FN:52,(anonymous_10)
FNF:7
FNH:0
FNDA:0,(anonymous_4)
FNDA:0,(anonymous_5)
FNDA:0,(anonymous_6)
FNDA:0,(anonymous_7)
FNDA:0,(anonymous_8)
FNDA:0,(anonymous_9)
FNDA:0,(anonymous_10)
DA:1,0
DA:2,0
DA:3,0
DA:4,0
DA:7,0
DA:10,0
DA:14,0
DA:15,0
DA:19,0
DA:25,0
DA:29,0
DA:30,0
DA:32,0
DA:36,0
DA:40,0
DA:41,0
DA:43,0
DA:47,0
DA:48,0
DA:49,0
DA:53,0
DA:54,0
LF:22
LH:0
BRDA:29,0,0,0
BRDA:40,1,0,0
BRF:2
BRH:0
end_of_record
TN:
SF:src/categories/category.entity.ts
FN:25,(anonymous_2)
FN:25,(anonymous_3)
FNF:2
FNH:0
FNDA:0,(anonymous_2)
FNDA:0,(anonymous_3)
DA:1,4
DA:9,4
DA:12,4
DA:14,4
DA:17,4
DA:20,4
DA:23,4
DA:25,0
DA:26,4
DA:29,4
DA:32,4
LF:11
LH:10
BRF:0
BRH:0
end_of_record
TN:
SF:src/comments/comment.entity.ts
FN:23,(anonymous_2)
FN:23,(anonymous_3)
FN:26,(anonymous_4)
FN:26,(anonymous_5)
FNF:4
FNH:0
FNDA:0,(anonymous_2)
FNDA:0,(anonymous_3)
FNDA:0,(anonymous_4)
FNDA:0,(anonymous_5)
DA:1,4
DA:9,4
DA:10,4
DA:13,4
DA:15,4
DA:18,4
DA:21,4
DA:23,0
DA:24,4
DA:26,0
DA:27,4
DA:30,4
DA:33,4
LF:13
LH:11
BRF:0
BRH:0
end_of_record
TN:
SF:src/comments/comments.controller.ts
FN:8,(anonymous_4)
FN:13,(anonymous_5)
FN:19,(anonymous_6)
FN:26,(anonymous_7)
FN:33,(anonymous_8)
FNF:5
FNH:0
FNDA:0,(anonymous_4)
FNDA:0,(anonymous_5)
FNDA:0,(anonymous_6)
FNDA:0,(anonymous_7)
FNDA:0,(anonymous_8)
DA:1,0
DA:2,0
DA:3,0
DA:7,0
DA:8,0
DA:13,0
DA:14,0
DA:19,0
DA:20,0
DA:26,0
DA:27,0
DA:33,0
DA:34,0
LF:13
LH:0
BRF:0
BRH:0
end_of_record
TN:
SF:src/comments/comments.module.ts
FNF:0
FNH:0
DA:1,0
DA:2,0
DA:3,0
DA:4,0
DA:5,0
DA:13,0
LF:6
LH:0
BRF:0
BRH:0
end_of_record
TN:
SF:src/comments/comments.service.ts
FN:8,(anonymous_4)
FN:13,(anonymous_5)
FN:18,(anonymous_6)
FN:26,(anonymous_7)
FN:37,(anonymous_8)
FN:43,(anonymous_9)
FNF:6
FNH:0
FNDA:0,(anonymous_4)
FNDA:0,(anonymous_5)
FNDA:0,(anonymous_6)
FNDA:0,(anonymous_7)
FNDA:0,(anonymous_8)
FNDA:0,(anonymous_9)
DA:1,0
DA:2,0
DA:3,0
DA:4,0
DA:7,0
DA:10,0
DA:14,0
DA:15,0
DA:19,0
DA:27,0
DA:31,0
DA:32,0
DA:34,0
DA:38,0
DA:39,0
DA:40,0
DA:44,0
DA:45,0
LF:18
LH:0
BRDA:31,0,0,0
BRF:1
BRH:0
end_of_record
TN:
SF:src/tags/tag.entity.ts
FN:22,(anonymous_2)
FN:22,(anonymous_3)
FNF:2
FNH:0
FNDA:0,(anonymous_2)
FNDA:0,(anonymous_3)
DA:1,4
DA:9,4
DA:12,4
DA:14,4
DA:17,4
DA:20,4
DA:22,0
DA:23,4
DA:26,4
DA:29,4
LF:10
LH:9
BRF:0
BRH:0
end_of_record
TN:
SF:src/tags/tags.controller.ts
FN:8,(anonymous_4)
FN:13,(anonymous_5)
FN:19,(anonymous_6)
FN:25,(anonymous_7)
FN:32,(anonymous_8)
FN:39,(anonymous_9)
FNF:6
FNH:0
FNDA:0,(anonymous_4)
FNDA:0,(anonymous_5)
FNDA:0,(anonymous_6)
FNDA:0,(anonymous_7)
FNDA:0,(anonymous_8)
FNDA:0,(anonymous_9)
DA:1,0
DA:2,0
DA:3,0
DA:7,0
DA:8,0
DA:13,0
DA:14,0
DA:19,0
DA:20,0
DA:25,0
DA:26,0
DA:32,0
DA:33,0
DA:39,0
DA:40,0
LF:15
LH:0
BRF:0
BRH:0
end_of_record
TN:
SF:src/tags/tags.module.ts
FNF:0
FNH:0
DA:1,0
DA:2,0
DA:3,0
DA:4,0
DA:5,0
DA:13,0
LF:6
LH:0
BRF:0
BRH:0
end_of_record
TN:
SF:src/tags/tags.service.ts
FN:8,(anonymous_4)
FN:13,(anonymous_5)
FN:18,(anonymous_6)
FN:24,(anonymous_7)
FN:35,(anonymous_8)
FN:41,(anonymous_9)
FNF:6
FNH:0
FNDA:0,(anonymous_4)
FNDA:0,(anonymous_5)
FNDA:0,(anonymous_6)
FNDA:0,(anonymous_7)
FNDA:0,(anonymous_8)
FNDA:0,(anonymous_9)
DA:1,0
DA:2,0
DA:3,0
DA:4,0
DA:7,0
DA:10,0
DA:14,0
DA:15,0
DA:19,0
DA:25,0
DA:29,0
DA:30,0
DA:32,0
DA:36,0
DA:37,0
DA:38,0
DA:42,0
DA:43,0
LF:18
LH:0
BRDA:29,0,0,0
BRF:1
BRH:0
end_of_record
TN:
SF:src/users/user.entity.ts
FN:13,(anonymous_2)
FN:54,(anonymous_3)
FN:54,(anonymous_4)
FN:57,(anonymous_5)
FN:57,(anonymous_6)
FNF:5
FNH:1
FNDA:4,(anonymous_2)
FNDA:0,(anonymous_3)
FNDA:0,(anonymous_4)
FNDA:0,(anonymous_5)
FNDA:0,(anonymous_6)
DA:1,4
DA:9,4
DA:10,4
DA:11,4
DA:13,4
DA:14,4
DA:15,4
DA:16,4
DA:17,4
DA:21,4
DA:23,4
DA:26,4
DA:29,4
DA:33,4
DA:36,4
DA:39,4
DA:42,4
DA:49,4
DA:52,4
DA:54,0
DA:55,4
DA:57,0
DA:58,4
DA:61,4
DA:64,4
LF:25
LH:23
BRDA:13,0,0,4
BRDA:13,0,1,4
BRF:2
BRH:2
end_of_record
TN:
SF:src/users/users.controller.ts
FN:9,(anonymous_4)
FN:13,(anonymous_5)
FN:19,(anonymous_6)
FNF:3
FNH:0
FNDA:0,(anonymous_4)
FNDA:0,(anonymous_5)
FNDA:0,(anonymous_6)
DA:1,0
DA:2,0
DA:3,0
DA:8,0
DA:9,0
DA:13,0
DA:14,0
DA:19,0
DA:20,0
LF:9
LH:0
BRF:0
BRH:0
end_of_record
TN:
SF:src/users/users.module.ts
FNF:0
FNH:0
DA:1,0
DA:2,0
DA:3,0
DA:4,0
DA:5,0
DA:13,0
LF:6
LH:0
BRF:0
BRH:0
end_of_record
TN:
SF:src/users/users.service.ts
FN:9,(anonymous_4)
FN:14,(anonymous_5)
FN:22,(anonymous_6)
FN:28,(anonymous_7)
FN:39,(anonymous_8)
FN:43,(anonymous_9)
FN:47,(anonymous_10)
FN:56,(anonymous_11)
FNF:8
FNH:0
FNDA:0,(anonymous_4)
FNDA:0,(anonymous_5)
FNDA:0,(anonymous_6)
FNDA:0,(anonymous_7)
FNDA:0,(anonymous_8)
FNDA:0,(anonymous_9)
FNDA:0,(anonymous_10)
FNDA:0,(anonymous_11)
DA:1,4
DA:2,4
DA:3,4
DA:4,4
DA:5,4
DA:8,4
DA:11,0
DA:15,0
DA:16,0
DA:18,0
DA:19,0
DA:23,0
DA:29,0
DA:33,0
DA:34,0
DA:36,0
DA:40,0
DA:44,0
DA:48,0
DA:49,0
DA:50,0
DA:52,0
DA:53,0
DA:57,0
DA:58,0
LF:25
LH:6
BRDA:15,0,0,0
BRDA:33,1,0,0
BRDA:49,2,0,0
BRF:3
BRH:0
end_of_record
